<?xml version="1.0" encoding="UTF-8"?>
<!-- Generated by org.testng.reporters.JUnitReportReporter -->
<testsuite hostname="DESKTOP-97SLOL7" failures="0" tests="1" name="Automation.RestAPI" time="6.522" errors="0" timestamp="2024-02-07T15:21:51 IST" skipped="0">
  <testcase classname="Automation.RestAPI" name="getuserdetail" time="6.522"/>
  <system-out/>
</testsuite> <!-- Automation.RestAPI -->
