<?xml version="1.0" encoding="UTF-8"?>
<!-- Generated by org.testng.reporters.JUnitReportReporter -->
<testsuite hostname="DESKTOP-97SLOL7" failures="0" tests="1" name="Automation.ParallelTestCases" time="39.817" errors="0" timestamp="2024-02-09T13:02:14 IST" skipped="0">
  <testcase classname="Automation.ParallelTestCases" name="froms" time="39.817"/>
  <system-out/>
</testsuite> <!-- Automation.ParallelTestCases -->
